0 info it worked if it ends with ok
1 verbose cli [ '/usr/bin/nodejs', '/usr/bin/npm', 'install' ]
2 info using npm@3.8.6
3 info using node@v5.12.0
4 silly loadCurrentTree Starting
5 silly install loadCurrentTree
6 silly install readLocalPackageData
7 silly install normalizeTree
8 silly loadCurrentTree Finishing
9 silly loadIdealTree Starting
10 silly install loadIdealTree
11 silly cloneCurrentTree Starting
12 silly install cloneCurrentTreeToIdealTree
13 silly cloneCurrentTree Finishing
14 silly loadShrinkwrap Starting
15 silly install loadShrinkwrap
16 silly loadShrinkwrap Finishing
17 silly loadAllDepsIntoIdealTree Starting
18 silly install loadAllDepsIntoIdealTree
19 silly fetchNamedPackageData rebase
20 silly mapToRegistry name rebase
21 silly mapToRegistry using default registry
22 silly mapToRegistry registry https://registry.npmjs.org/
23 silly mapToRegistry data Result {
23 silly mapToRegistry   raw: 'rebase',
23 silly mapToRegistry   scope: null,
23 silly mapToRegistry   name: 'rebase',
23 silly mapToRegistry   rawSpec: '',
23 silly mapToRegistry   spec: 'latest',
23 silly mapToRegistry   type: 'tag' }
24 silly mapToRegistry uri https://registry.npmjs.org/rebase
25 verbose request uri https://registry.npmjs.org/rebase
26 verbose request no auth needed
27 info attempt registry request try #1 at 11:26:53 AM
28 verbose request id 2155ab48f3d7dc9d
29 verbose etag W/"581ded0b-1b9e"
30 verbose lastModified Sat, 05 Nov 2016 14:30:35 GMT
31 http request GET https://registry.npmjs.org/rebase
32 http 304 https://registry.npmjs.org/rebase
33 verbose headers { date: 'Mon, 02 Jan 2017 10:26:53 GMT',
33 verbose headers   via: '1.1 varnish',
33 verbose headers   'cache-control': 'max-age=300',
33 verbose headers   etag: 'W/"581ded0b-1b9e"',
33 verbose headers   age: '46',
33 verbose headers   connection: 'keep-alive',
33 verbose headers   'x-served-by': 'cache-bma7022-BMA',
33 verbose headers   'x-cache': 'HIT',
33 verbose headers   'x-cache-hits': '1',
33 verbose headers   'x-timer': 'S1483352813.631336,VS0,VE0',
33 verbose headers   vary: 'Accept-Encoding' }
34 silly get cb [ 304,
34 silly get   { date: 'Mon, 02 Jan 2017 10:26:53 GMT',
34 silly get     via: '1.1 varnish',
34 silly get     'cache-control': 'max-age=300',
34 silly get     etag: 'W/"581ded0b-1b9e"',
34 silly get     age: '46',
34 silly get     connection: 'keep-alive',
34 silly get     'x-served-by': 'cache-bma7022-BMA',
34 silly get     'x-cache': 'HIT',
34 silly get     'x-cache-hits': '1',
34 silly get     'x-timer': 'S1483352813.631336,VS0,VE0',
34 silly get     vary: 'Accept-Encoding' } ]
35 verbose etag https://registry.npmjs.org/rebase from cache
36 verbose get saving rebase to /home/janis/.npm/registry.npmjs.org/rebase/.cache.json
37 verbose correctMkdir /home/janis/.npm correctMkdir not in flight; initializing
38 silly fetchPackageMetaData Error: No compatible version found: rebase@1.5.1
38 silly fetchPackageMetaData Valid install targets:
38 silly fetchPackageMetaData 0.3.0
38 silly fetchPackageMetaData
38 silly fetchPackageMetaData     at pickVersionFromRegistryDocument (/usr/lib/node_modules/npm/lib/fetch-package-metadata.js:156:16)
38 silly fetchPackageMetaData     at /usr/lib/node_modules/npm/node_modules/iferr/index.js:13:50
38 silly fetchPackageMetaData     at /usr/lib/node_modules/npm/lib/utils/pulse-till-done.js:19:8
38 silly fetchPackageMetaData     at saved (/usr/lib/node_modules/npm/lib/cache/caching-client.js:168:7)
38 silly fetchPackageMetaData     at /usr/lib/node_modules/npm/node_modules/graceful-fs/polyfills.js:210:7
38 silly fetchPackageMetaData     at FSReqWrap.oncomplete (fs.js:82:15)
38 silly fetchPackageMetaData  error for rebase@1.5.1 [Error: No compatible version found: rebase@1.5.1
38 silly fetchPackageMetaData Valid install targets:
38 silly fetchPackageMetaData 0.3.0
38 silly fetchPackageMetaData ]
39 silly rollbackFailedOptional Starting
40 silly rollbackFailedOptional Finishing
41 silly runTopLevelLifecycles Starting
42 silly runTopLevelLifecycles Finishing
43 silly install printInstalled
44 verbose stack Error: No compatible version found: rebase@1.5.1
44 verbose stack Valid install targets:
44 verbose stack 0.3.0
44 verbose stack
44 verbose stack     at pickVersionFromRegistryDocument (/usr/lib/node_modules/npm/lib/fetch-package-metadata.js:156:16)
44 verbose stack     at /usr/lib/node_modules/npm/node_modules/iferr/index.js:13:50
44 verbose stack     at /usr/lib/node_modules/npm/lib/utils/pulse-till-done.js:19:8
44 verbose stack     at saved (/usr/lib/node_modules/npm/lib/cache/caching-client.js:168:7)
44 verbose stack     at /usr/lib/node_modules/npm/node_modules/graceful-fs/polyfills.js:210:7
44 verbose stack     at FSReqWrap.oncomplete (fs.js:82:15)
45 verbose cwd /home/janis/projects/github-notetaker
46 error Linux 4.4.0-57-generic
47 error argv "/usr/bin/nodejs" "/usr/bin/npm" "install"
48 error node v5.12.0
49 error npm  v3.8.6
50 error No compatible version found: rebase@1.5.1
50 error Valid install targets:
50 error 0.3.0
51 error If you need help, you may report this error at:
51 error     <https://github.com/npm/npm/issues>
52 verbose exit [ 1, true ]
